0 info it worked if it ends with ok
1 verbose cli [ 'C:\\Program Files\\nodejs\\node.exe',
1 verbose cli   'C:\\Program Files\\nodejs\\node_modules\\npm\\bin\\npm-cli.js',
1 verbose cli   'run',
1 verbose cli   'dev' ]
2 info using npm@3.10.9
3 info using node@v7.1.0
4 verbose run-script [ 'predev', 'dev', 'postdev' ]
5 info lifecycle CitiTemplate@1.0.0~predev: CitiTemplate@1.0.0
6 silly lifecycle CitiTemplate@1.0.0~predev: no script for predev, continuing
7 info lifecycle CitiTemplate@1.0.0~dev: CitiTemplate@1.0.0
8 verbose lifecycle CitiTemplate@1.0.0~dev: unsafe-perm in lifecycle true
9 verbose lifecycle CitiTemplate@1.0.0~dev: PATH: C:\Users\pritando\AppData\Roaming\nvm\v7.1.0\node_modules\npm\bin\node-gyp-bin;C:\CitiBank\Citi_197023_teired_offer_LP\node_modules\.bin;C:\ProgramData\DockerDesktop\version-bin;C:\Program Files\Docker\Docker\Resources\bin;C:\Program Files (x86)\Common Files\Oracle\Java\javapath;C:\WINDOWS\system32;C:\WINDOWS;C:\WINDOWS\System32\Wbem;C:\WINDOWS\System32\WindowsPowerShell\v1.0\;C:\WINDOWS\System32\OpenSSH\;C:\Program Files (x86)\Box\Box Edit\;C:\Program Files\Git\cmd;C:\Program Files\TortoiseSVN\bin;C:\HashiCorp\Vagrant\bin;C:\Program Files\PuTTY\;C:\Program Files (x86)\PuTTY\;C:\Program Files (x86)\DevDesktop\php7_1_x64;C:\Program Files (x86)\Brackets\command;C:\Program Files (x86)\DevDesktop\tools;C:\Users\pritando\AppData\Roaming\nvm;C:\Program Files\nodejs;C:\Users\pritando\AppData\Local\Microsoft\WindowsApps;C:\Users\pritando\AppData\Local\Programs\Microsoft VS Code\bin;C:\Program Files (x86)\DevDesktop\php7_0_x64;C:\Users\pritando\AppData\Roaming\nvm;C:\Program Files\nodejs
10 verbose lifecycle CitiTemplate@1.0.0~dev: CWD: C:\CitiBank\Citi_197023_teired_offer_LP
11 silly lifecycle CitiTemplate@1.0.0~dev: Args: [ '/d /s /c',
11 silly lifecycle   'set NODE_ENV=development && webpack-dev-server --config  webpack.config.js --mode=development' ]
12 silly lifecycle CitiTemplate@1.0.0~dev: Returned: code: 3221226505  signal: null
13 info lifecycle CitiTemplate@1.0.0~dev: Failed to exec dev script
14 verbose stack Error: CitiTemplate@1.0.0 dev: `set NODE_ENV=development && webpack-dev-server --config  webpack.config.js --mode=development`
14 verbose stack Exit status 3221226505
14 verbose stack     at EventEmitter.<anonymous> (C:\Users\pritando\AppData\Roaming\nvm\v7.1.0\node_modules\npm\lib\utils\lifecycle.js:255:16)
14 verbose stack     at emitTwo (events.js:106:13)
14 verbose stack     at EventEmitter.emit (events.js:191:7)
14 verbose stack     at ChildProcess.<anonymous> (C:\Users\pritando\AppData\Roaming\nvm\v7.1.0\node_modules\npm\lib\utils\spawn.js:40:14)
14 verbose stack     at emitTwo (events.js:106:13)
14 verbose stack     at ChildProcess.emit (events.js:191:7)
14 verbose stack     at maybeClose (internal/child_process.js:885:16)
14 verbose stack     at Process.ChildProcess._handle.onexit (internal/child_process.js:226:5)
15 verbose pkgid CitiTemplate@1.0.0
16 verbose cwd C:\CitiBank\Citi_197023_teired_offer_LP
17 error Windows_NT 10.0.17134
18 error argv "C:\\Program Files\\nodejs\\node.exe" "C:\\Program Files\\nodejs\\node_modules\\npm\\bin\\npm-cli.js" "run" "dev"
19 error node v7.1.0
20 error npm  v3.10.9
21 error code ELIFECYCLE
22 error CitiTemplate@1.0.0 dev: `set NODE_ENV=development && webpack-dev-server --config  webpack.config.js --mode=development`
22 error Exit status 3221226505
23 error Failed at the CitiTemplate@1.0.0 dev script 'set NODE_ENV=development && webpack-dev-server --config  webpack.config.js --mode=development'.
23 error Make sure you have the latest version of node.js and npm installed.
23 error If you do, this is most likely a problem with the CitiTemplate package,
23 error not with npm itself.
23 error Tell the author that this fails on your system:
23 error     set NODE_ENV=development && webpack-dev-server --config  webpack.config.js --mode=development
23 error You can get information on how to open an issue for this project with:
23 error     npm bugs CitiTemplate
23 error Or if that isn't available, you can get their info via:
23 error     npm owner ls CitiTemplate
23 error There is likely additional logging output above.
24 verbose exit [ 1, true ]
